[2019-10-31 12:34:32] local.ERROR: Call to undefined method App\Models\User::attachRole() {"exception":"[object] (BadMethodCallException(code: 0): Call to undefined method App\\Models\\User::attachRole() at /home/emmanueljet/Documents/Projects/Laravel/pure/vendor/laravel/framework/src/Illuminate/Support/Traits/ForwardsCalls.php:50)
[stacktrace]
#0 /home/emmanueljet/Documents/Projects/Laravel/pure/vendor/laravel/framework/src/Illuminate/Support/Traits/ForwardsCalls.php(36): Illuminate\\Database\\Eloquent\\Model::throwBadMethodCallException('attachRole')
#1 /home/emmanueljet/Documents/Projects/Laravel/pure/vendor/laravel/framework/src/Illuminate/Database/Eloquent/Model.php(1618): Illuminate\\Database\\Eloquent\\Model->forwardCallTo(Object(Illuminate\\Database\\Eloquent\\Builder), 'attachRole', Array)
#2 /home/emmanueljet/Documents/Projects/Laravel/pure/database/seeds/UsersTableSeeder.php(26): Illuminate\\Database\\Eloquent\\Model->__call('attachRole', Array)
#3 [internal function]: UsersTableSeeder->run()
#4 /home/emmanueljet/Documents/Projects/Laravel/pure/vendor/laravel/framework/src/Illuminate/Container/BoundMethod.php(32): call_user_func_array(Array, Array)
#5 /home/emmanueljet/Documents/Projects/Laravel/pure/vendor/laravel/framework/src/Illuminate/Support/helpers.php(522): Illuminate\\Container\\BoundMethod::Illuminate\\Container\\{closure}()
#6 /home/emmanueljet/Documents/Projects/Laravel/pure/vendor/laravel/framework/src/Illuminate/Container/BoundMethod.php(90): value(Object(Closure))
#7 /home/emmanueljet/Documents/Projects/Laravel/pure/vendor/laravel/framework/src/Illuminate/Container/BoundMethod.php(34): Illuminate\\Container\\BoundMethod::callBoundMethod(Object(Illuminate\\Foundation\\Application), Array, Object(Closure))
#8 /home/emmanueljet/Documents/Projects/Laravel/pure/vendor/laravel/framework/src/Illuminate/Container/Container.php(591): Illuminate\\Container\\BoundMethod::call(Object(Illuminate\\Foundation\\Application), Array, Array, NULL)
#9 /home/emmanueljet/Documents/Projects/Laravel/pure/vendor/laravel/framework/src/Illuminate/Database/Seeder.php(134): Illuminate\\Container\\Container->call(Array)
#10 /home/emmanueljet/Documents/Projects/Laravel/pure/vendor/laravel/framework/src/Illuminate/Database/Seeder.php(48): Illuminate\\Database\\Seeder->__invoke()
#11 /home/emmanueljet/Documents/Projects/Laravel/pure/database/seeds/DatabaseSeeder.php(15): Illuminate\\Database\\Seeder->call('UsersTableSeede...')
#12 [internal function]: DatabaseSeeder->run()
#13 /home/emmanueljet/Documents/Projects/Laravel/pure/vendor/laravel/framework/src/Illuminate/Container/BoundMethod.php(32): call_user_func_array(Array, Array)
#14 /home/emmanueljet/Documents/Projects/Laravel/pure/vendor/laravel/framework/src/Illuminate/Support/helpers.php(522): Illuminate\\Container\\BoundMethod::Illuminate\\Container\\{closure}()
#15 /home/emmanueljet/Documents/Projects/Laravel/pure/vendor/laravel/framework/src/Illuminate/Container/BoundMethod.php(90): value(Object(Closure))
#16 /home/emmanueljet/Documents/Projects/Laravel/pure/vendor/laravel/framework/src/Illuminate/Container/BoundMethod.php(34): Illuminate\\Container\\BoundMethod::callBoundMethod(Object(Illuminate\\Foundation\\Application), Array, Object(Closure))
#17 /home/emmanueljet/Documents/Projects/Laravel/pure/vendor/laravel/framework/src/Illuminate/Container/Container.php(591): Illuminate\\Container\\BoundMethod::call(Object(Illuminate\\Foundation\\Application), Array, Array, NULL)
#18 /home/emmanueljet/Documents/Projects/Laravel/pure/vendor/laravel/framework/src/Illuminate/Database/Seeder.php(134): Illuminate\\Container\\Container->call(Array)
#19 /home/emmanueljet/Documents/Projects/Laravel/pure/vendor/laravel/framework/src/Illuminate/Database/Console/Seeds/SeedCommand.php(63): Illuminate\\Database\\Seeder->__invoke()
#20 /home/emmanueljet/Documents/Projects/Laravel/pure/vendor/laravel/framework/src/Illuminate/Database/Eloquent/Concerns/GuardsAttributes.php(122): Illuminate\\Database\\Console\\Seeds\\SeedCommand->Illuminate\\Database\\Console\\Seeds\\{closure}()
#21 /home/emmanueljet/Documents/Projects/Laravel/pure/vendor/laravel/framework/src/Illuminate/Database/Console/Seeds/SeedCommand.php(64): Illuminate\\Database\\Eloquent\\Model::unguarded(Object(Closure))
#22 [internal function]: Illuminate\\Database\\Console\\Seeds\\SeedCommand->handle()
#23 /home/emmanueljet/Documents/Projects/Laravel/pure/vendor/laravel/framework/src/Illuminate/Container/BoundMethod.php(32): call_user_func_array(Array, Array)
#24 /home/emmanueljet/Documents/Projects/Laravel/pure/vendor/laravel/framework/src/Illuminate/Support/helpers.php(522): Illuminate\\Container\\BoundMethod::Illuminate\\Container\\{closure}()
#25 /home/emmanueljet/Documents/Projects/Laravel/pure/vendor/laravel/framework/src/Illuminate/Container/BoundMethod.php(90): value(Object(Closure))
#26 /home/emmanueljet/Documents/Projects/Laravel/pure/vendor/laravel/framework/src/Illuminate/Container/BoundMethod.php(34): Illuminate\\Container\\BoundMethod::callBoundMethod(Object(Illuminate\\Foundation\\Application), Array, Object(Closure))
#27 /home/emmanueljet/Documents/Projects/Laravel/pure/vendor/laravel/framework/src/Illuminate/Container/Container.php(591): Illuminate\\Container\\BoundMethod::call(Object(Illuminate\\Foundation\\Application), Array, Array, NULL)
#28 /home/emmanueljet/Documents/Projects/Laravel/pure/vendor/laravel/framework/src/Illuminate/Console/Command.php(202): Illuminate\\Container\\Container->call(Array)
#29 /home/emmanueljet/Documents/Projects/Laravel/pure/vendor/symfony/console/Command/Command.php(255): Illuminate\\Console\\Command->execute(Object(Symfony\\Component\\Console\\Input\\ArrayInput), Object(Illuminate\\Console\\OutputStyle))
#30 /home/emmanueljet/Documents/Projects/Laravel/pure/vendor/laravel/framework/src/Illuminate/Console/Command.php(189): Symfony\\Component\\Console\\Command\\Command->run(Object(Symfony\\Component\\Console\\Input\\ArrayInput), Object(Illuminate\\Console\\OutputStyle))
#31 /home/emmanueljet/Documents/Projects/Laravel/pure/vendor/laravel/framework/src/Illuminate/Console/Command.php(242): Illuminate\\Console\\Command->run(Object(Symfony\\Component\\Console\\Input\\ArrayInput), Object(Illuminate\\Console\\OutputStyle))
#32 /home/emmanueljet/Documents/Projects/Laravel/pure/vendor/laravel/framework/src/Illuminate/Console/Command.php(214): Illuminate\\Console\\Command->runCommand('db:seed', Array, Object(Illuminate\\Console\\OutputStyle))
#33 /home/emmanueljet/Documents/Projects/Laravel/pure/vendor/laravel/framework/src/Illuminate/Database/Console/Migrations/FreshCommand.php(79): Illuminate\\Console\\Command->call('db:seed', Array)
#34 /home/emmanueljet/Documents/Projects/Laravel/pure/vendor/laravel/framework/src/Illuminate/Database/Console/Migrations/FreshCommand.php(56): Illuminate\\Database\\Console\\Migrations\\FreshCommand->runSeeder(NULL)
#35 [internal function]: Illuminate\\Database\\Console\\Migrations\\FreshCommand->handle()
#36 /home/emmanueljet/Documents/Projects/Laravel/pure/vendor/laravel/framework/src/Illuminate/Container/BoundMethod.php(32): call_user_func_array(Array, Array)
#37 /home/emmanueljet/Documents/Projects/Laravel/pure/vendor/laravel/framework/src/Illuminate/Support/helpers.php(522): Illuminate\\Container\\BoundMethod::Illuminate\\Container\\{closure}()
#38 /home/emmanueljet/Documents/Projects/Laravel/pure/vendor/laravel/framework/src/Illuminate/Container/BoundMethod.php(90): value(Object(Closure))
#39 /home/emmanueljet/Documents/Projects/Laravel/pure/vendor/laravel/framework/src/Illuminate/Container/BoundMethod.php(34): Illuminate\\Container\\BoundMethod::callBoundMethod(Object(Illuminate\\Foundation\\Application), Array, Object(Closure))
#40 /home/emmanueljet/Documents/Projects/Laravel/pure/vendor/laravel/framework/src/Illuminate/Container/Container.php(591): Illuminate\\Container\\BoundMethod::call(Object(Illuminate\\Foundation\\Application), Array, Array, NULL)
#41 /home/emmanueljet/Documents/Projects/Laravel/pure/vendor/laravel/framework/src/Illuminate/Console/Command.php(202): Illuminate\\Container\\Container->call(Array)
#42 /home/emmanueljet/Documents/Projects/Laravel/pure/vendor/symfony/console/Command/Command.php(255): Illuminate\\Console\\Command->execute(Object(Symfony\\Component\\Console\\Input\\ArgvInput), Object(Illuminate\\Console\\OutputStyle))
#43 /home/emmanueljet/Documents/Projects/Laravel/pure/vendor/laravel/framework/src/Illuminate/Console/Command.php(189): Symfony\\Component\\Console\\Command\\Command->run(Object(Symfony\\Component\\Console\\Input\\ArgvInput), Object(Illuminate\\Console\\OutputStyle))
#44 /home/emmanueljet/Documents/Projects/Laravel/pure/vendor/symfony/console/Application.php(934): Illuminate\\Console\\Command->run(Object(Symfony\\Component\\Console\\Input\\ArgvInput), Object(Symfony\\Component\\Console\\Output\\ConsoleOutput))
#45 /home/emmanueljet/Documents/Projects/Laravel/pure/vendor/symfony/console/Application.php(273): Symfony\\Component\\Console\\Application->doRunCommand(Object(Illuminate\\Database\\Console\\Migrations\\FreshCommand), Object(Symfony\\Component\\Console\\Input\\ArgvInput), Object(Symfony\\Component\\Console\\Output\\ConsoleOutput))
#46 /home/emmanueljet/Documents/Projects/Laravel/pure/vendor/symfony/console/Application.php(149): Symfony\\Component\\Console\\Application->doRun(Object(Symfony\\Component\\Console\\Input\\ArgvInput), Object(Symfony\\Component\\Console\\Output\\ConsoleOutput))
#47 /home/emmanueljet/Documents/Projects/Laravel/pure/vendor/laravel/framework/src/Illuminate/Console/Application.php(90): Symfony\\Component\\Console\\Application->run(Object(Symfony\\Component\\Console\\Input\\ArgvInput), Object(Symfony\\Component\\Console\\Output\\ConsoleOutput))
#48 /home/emmanueljet/Documents/Projects/Laravel/pure/vendor/laravel/framework/src/Illuminate/Foundation/Console/Kernel.php(131): Illuminate\\Console\\Application->run(Object(Symfony\\Component\\Console\\Input\\ArgvInput), Object(Symfony\\Component\\Console\\Output\\ConsoleOutput))
#49 /home/emmanueljet/Documents/Projects/Laravel/pure/artisan(37): Illuminate\\Foundation\\Console\\Kernel->handle(Object(Symfony\\Component\\Console\\Input\\ArgvInput), Object(Symfony\\Component\\Console\\Output\\ConsoleOutput))
#50 {main}
"} 
[2019-10-31 12:35:38] local.ERROR: SQLSTATE[42S22]: Column not found: 1054 Unknown column 'beginner' in 'field list' (SQL: insert into `users` (`name`, `email`, `password`, `beginner`, `email_verified_at`, `updated_at`, `created_at`) values (Lecturer, lecturer@pure.com, $2y$10$SjermAFNvJ4ZOTt4HeK47.Ripa.HSmVFPrBukn.H87OWMIXYGHTqW, 1, 2019-10-31 12:35:38, 2019-10-31 12:35:38, 2019-10-31 12:35:38)) {"exception":"[object] (Illuminate\\Database\\QueryException(code: 42S22): SQLSTATE[42S22]: Column not found: 1054 Unknown column 'beginner' in 'field list' (SQL: insert into `users` (`name`, `email`, `password`, `beginner`, `email_verified_at`, `updated_at`, `created_at`) values (Lecturer, lecturer@pure.com, $2y$10$SjermAFNvJ4ZOTt4HeK47.Ripa.HSmVFPrBukn.H87OWMIXYGHTqW, 1, 2019-10-31 12:35:38, 2019-10-31 12:35:38, 2019-10-31 12:35:38)) at /home/emmanueljet/Documents/Projects/Laravel/pure/vendor/laravel/framework/src/Illuminate/Database/Connection.php:665)
[stacktrace]
#0 /home/emmanueljet/Documents/Projects/Laravel/pure/vendor/laravel/framework/src/Illuminate/Database/Connection.php(625): Illuminate\\Database\\Connection->runQueryCallback('insert into `us...', Array, Object(Closure))
#1 /home/emmanueljet/Documents/Projects/Laravel/pure/vendor/laravel/framework/src/Illuminate/Database/Connection.php(460): Illuminate\\Database\\Connection->run('insert into `us...', Array, Object(Closure))
#2 /home/emmanueljet/Documents/Projects/Laravel/pure/vendor/laravel/framework/src/Illuminate/Database/Connection.php(412): Illuminate\\Database\\Connection->statement('insert into `us...', Array)
#3 /home/emmanueljet/Documents/Projects/Laravel/pure/vendor/laravel/framework/src/Illuminate/Database/Query/Processors/Processor.php(32): Illuminate\\Database\\Connection->insert('insert into `us...', Array)
#4 /home/emmanueljet/Documents/Projects/Laravel/pure/vendor/laravel/framework/src/Illuminate/Database/Query/Builder.php(2658): Illuminate\\Database\\Query\\Processors\\Processor->processInsertGetId(Object(Illuminate\\Database\\Query\\Builder), 'insert into `us...', Array, 'id')
#5 /home/emmanueljet/Documents/Projects/Laravel/pure/vendor/laravel/framework/src/Illuminate/Database/Eloquent/Builder.php(1350): Illuminate\\Database\\Query\\Builder->insertGetId(Array, 'id')
#6 /home/emmanueljet/Documents/Projects/Laravel/pure/vendor/laravel/framework/src/Illuminate/Database/Eloquent/Model.php(839): Illuminate\\Database\\Eloquent\\Builder->__call('insertGetId', Array)
#7 /home/emmanueljet/Documents/Projects/Laravel/pure/vendor/laravel/framework/src/Illuminate/Database/Eloquent/Model.php(804): Illuminate\\Database\\Eloquent\\Model->insertAndSetId(Object(Illuminate\\Database\\Eloquent\\Builder), Array)
#8 /home/emmanueljet/Documents/Projects/Laravel/pure/vendor/laravel/framework/src/Illuminate/Database/Eloquent/Model.php(667): Illuminate\\Database\\Eloquent\\Model->performInsert(Object(Illuminate\\Database\\Eloquent\\Builder))
#9 /home/emmanueljet/Documents/Projects/Laravel/pure/vendor/laravel/framework/src/Illuminate/Database/Eloquent/Builder.php(749): Illuminate\\Database\\Eloquent\\Model->save()
#10 /home/emmanueljet/Documents/Projects/Laravel/pure/vendor/laravel/framework/src/Illuminate/Support/helpers.php(424): Illuminate\\Database\\Eloquent\\Builder->Illuminate\\Database\\Eloquent\\{closure}(Object(App\\Models\\User))
#11 /home/emmanueljet/Documents/Projects/Laravel/pure/vendor/laravel/framework/src/Illuminate/Database/Eloquent/Builder.php(750): tap(Object(App\\Models\\User), Object(Closure))
#12 /home/emmanueljet/Documents/Projects/Laravel/pure/vendor/laravel/framework/src/Illuminate/Support/Traits/ForwardsCalls.php(23): Illuminate\\Database\\Eloquent\\Builder->create(Array)
#13 /home/emmanueljet/Documents/Projects/Laravel/pure/vendor/laravel/framework/src/Illuminate/Database/Eloquent/Model.php(1618): Illuminate\\Database\\Eloquent\\Model->forwardCallTo(Object(Illuminate\\Database\\Eloquent\\Builder), 'create', Array)
#14 /home/emmanueljet/Documents/Projects/Laravel/pure/vendor/santigarcor/laratrust/src/Traits/LaratrustUserTrait.php(637): Illuminate\\Database\\Eloquent\\Model->__call('create', Array)
#15 /home/emmanueljet/Documents/Projects/Laravel/pure/vendor/laravel/framework/src/Illuminate/Database/Eloquent/Model.php(1630): App\\Models\\User->__call('create', Array)
#16 /home/emmanueljet/Documents/Projects/Laravel/pure/database/seeds/UsersTableSeeder.php(33): Illuminate\\Database\\Eloquent\\Model::__callStatic('create', Array)
#17 [internal function]: UsersTableSeeder->run()
#18 /home/emmanueljet/Documents/Projects/Laravel/pure/vendor/laravel/framework/src/Illuminate/Container/BoundMethod.php(32): call_user_func_array(Array, Array)
#19 /home/emmanueljet/Documents/Projects/Laravel/pure/vendor/laravel/framework/src/Illuminate/Support/helpers.php(522): Illuminate\\Container\\BoundMethod::Illuminate\\Container\\{closure}()
#20 /home/emmanueljet/Documents/Projects/Laravel/pure/vendor/laravel/framework/src/Illuminate/Container/BoundMethod.php(90): value(Object(Closure))
#21 /home/emmanueljet/Documents/Projects/Laravel/pure/vendor/laravel/framework/src/Illuminate/Container/BoundMethod.php(34): Illuminate\\Container\\BoundMethod::callBoundMethod(Object(Illuminate\\Foundation\\Application), Array, Object(Closure))
#22 /home/emmanueljet/Documents/Projects/Laravel/pure/vendor/laravel/framework/src/Illuminate/Container/Container.php(591): Illuminate\\Container\\BoundMethod::call(Object(Illuminate\\Foundation\\Application), Array, Array, NULL)
#23 /home/emmanueljet/Documents/Projects/Laravel/pure/vendor/laravel/framework/src/Illuminate/Database/Seeder.php(134): Illuminate\\Container\\Container->call(Array)
#24 /home/emmanueljet/Documents/Projects/Laravel/pure/vendor/laravel/framework/src/Illuminate/Database/Seeder.php(48): Illuminate\\Database\\Seeder->__invoke()
#25 /home/emmanueljet/Documents/Projects/Laravel/pure/database/seeds/DatabaseSeeder.php(15): Illuminate\\Database\\Seeder->call('UsersTableSeede...')
#26 [internal function]: DatabaseSeeder->run()
#27 /home/emmanueljet/Documents/Projects/Laravel/pure/vendor/laravel/framework/src/Illuminate/Container/BoundMethod.php(32): call_user_func_array(Array, Array)
#28 /home/emmanueljet/Documents/Projects/Laravel/pure/vendor/laravel/framework/src/Illuminate/Support/helpers.php(522): Illuminate\\Container\\BoundMethod::Illuminate\\Container\\{closure}()
#29 /home/emmanueljet/Documents/Projects/Laravel/pure/vendor/laravel/framework/src/Illuminate/Container/BoundMethod.php(90): value(Object(Closure))
#30 /home/emmanueljet/Documents/Projects/Laravel/pure/vendor/laravel/framework/src/Illuminate/Container/BoundMethod.php(34): Illuminate\\Container\\BoundMethod::callBoundMethod(Object(Illuminate\\Foundation\\Application), Array, Object(Closure))
#31 /home/emmanueljet/Documents/Projects/Laravel/pure/vendor/laravel/framework/src/Illuminate/Container/Container.php(591): Illuminate\\Container\\BoundMethod::call(Object(Illuminate\\Foundation\\Application), Array, Array, NULL)
#32 /home/emmanueljet/Documents/Projects/Laravel/pure/vendor/laravel/framework/src/Illuminate/Database/Seeder.php(134): Illuminate\\Container\\Container->call(Array)
#33 /home/emmanueljet/Documents/Projects/Laravel/pure/vendor/laravel/framework/src/Illuminate/Database/Console/Seeds/SeedCommand.php(63): Illuminate\\Database\\Seeder->__invoke()
#34 /home/emmanueljet/Documents/Projects/Laravel/pure/vendor/laravel/framework/src/Illuminate/Database/Eloquent/Concerns/GuardsAttributes.php(122): Illuminate\\Database\\Console\\Seeds\\SeedCommand->Illuminate\\Database\\Console\\Seeds\\{closure}()
#35 /home/emmanueljet/Documents/Projects/Laravel/pure/vendor/laravel/framework/src/Illuminate/Database/Console/Seeds/SeedCommand.php(64): Illuminate\\Database\\Eloquent\\Model::unguarded(Object(Closure))
#36 [internal function]: Illuminate\\Database\\Console\\Seeds\\SeedCommand->handle()
#37 /home/emmanueljet/Documents/Projects/Laravel/pure/vendor/laravel/framework/src/Illuminate/Container/BoundMethod.php(32): call_user_func_array(Array, Array)
#38 /home/emmanueljet/Documents/Projects/Laravel/pure/vendor/laravel/framework/src/Illuminate/Support/helpers.php(522): Illuminate\\Container\\BoundMethod::Illuminate\\Container\\{closure}()
#39 /home/emmanueljet/Documents/Projects/Laravel/pure/vendor/laravel/framework/src/Illuminate/Container/BoundMethod.php(90): value(Object(Closure))
#40 /home/emmanueljet/Documents/Projects/Laravel/pure/vendor/laravel/framework/src/Illuminate/Container/BoundMethod.php(34): Illuminate\\Container\\BoundMethod::callBoundMethod(Object(Illuminate\\Foundation\\Application), Array, Object(Closure))
#41 /home/emmanueljet/Documents/Projects/Laravel/pure/vendor/laravel/framework/src/Illuminate/Container/Container.php(591): Illuminate\\Container\\BoundMethod::call(Object(Illuminate\\Foundation\\Application), Array, Array, NULL)
#42 /home/emmanueljet/Documents/Projects/Laravel/pure/vendor/laravel/framework/src/Illuminate/Console/Command.php(202): Illuminate\\Container\\Container->call(Array)
#43 /home/emmanueljet/Documents/Projects/Laravel/pure/vendor/symfony/console/Command/Command.php(255): Illuminate\\Console\\Command->execute(Object(Symfony\\Component\\Console\\Input\\ArrayInput), Object(Illuminate\\Console\\OutputStyle))
#44 /home/emmanueljet/Documents/Projects/Laravel/pure/vendor/laravel/framework/src/Illuminate/Console/Command.php(189): Symfony\\Component\\Console\\Command\\Command->run(Object(Symfony\\Component\\Console\\Input\\ArrayInput), Object(Illuminate\\Console\\OutputStyle))
#45 /home/emmanueljet/Documents/Projects/Laravel/pure/vendor/laravel/framework/src/Illuminate/Console/Command.php(242): Illuminate\\Console\\Command->run(Object(Symfony\\Component\\Console\\Input\\ArrayInput), Object(Illuminate\\Console\\OutputStyle))
#46 /home/emmanueljet/Documents/Projects/Laravel/pure/vendor/laravel/framework/src/Illuminate/Console/Command.php(214): Illuminate\\Console\\Command->runCommand('db:seed', Array, Object(Illuminate\\Console\\OutputStyle))
#47 /home/emmanueljet/Documents/Projects/Laravel/pure/vendor/laravel/framework/src/Illuminate/Database/Console/Migrations/FreshCommand.php(79): Illuminate\\Console\\Command->call('db:seed', Array)
#48 /home/emmanueljet/Documents/Projects/Laravel/pure/vendor/laravel/framework/src/Illuminate/Database/Console/Migrations/FreshCommand.php(56): Illuminate\\Database\\Console\\Migrations\\FreshCommand->runSeeder(NULL)
#49 [internal function]: Illuminate\\Database\\Console\\Migrations\\FreshCommand->handle()
#50 /home/emmanueljet/Documents/Projects/Laravel/pure/vendor/laravel/framework/src/Illuminate/Container/BoundMethod.php(32): call_user_func_array(Array, Array)
#51 /home/emmanueljet/Documents/Projects/Laravel/pure/vendor/laravel/framework/src/Illuminate/Support/helpers.php(522): Illuminate\\Container\\BoundMethod::Illuminate\\Container\\{closure}()
#52 /home/emmanueljet/Documents/Projects/Laravel/pure/vendor/laravel/framework/src/Illuminate/Container/BoundMethod.php(90): value(Object(Closure))
#53 /home/emmanueljet/Documents/Projects/Laravel/pure/vendor/laravel/framework/src/Illuminate/Container/BoundMethod.php(34): Illuminate\\Container\\BoundMethod::callBoundMethod(Object(Illuminate\\Foundation\\Application), Array, Object(Closure))
#54 /home/emmanueljet/Documents/Projects/Laravel/pure/vendor/laravel/framework/src/Illuminate/Container/Container.php(591): Illuminate\\Container\\BoundMethod::call(Object(Illuminate\\Foundation\\Application), Array, Array, NULL)
#55 /home/emmanueljet/Documents/Projects/Laravel/pure/vendor/laravel/framework/src/Illuminate/Console/Command.php(202): Illuminate\\Container\\Container->call(Array)
#56 /home/emmanueljet/Documents/Projects/Laravel/pure/vendor/symfony/console/Command/Command.php(255): Illuminate\\Console\\Command->execute(Object(Symfony\\Component\\Console\\Input\\ArgvInput), Object(Illuminate\\Console\\OutputStyle))
#57 /home/emmanueljet/Documents/Projects/Laravel/pure/vendor/laravel/framework/src/Illuminate/Console/Command.php(189): Symfony\\Component\\Console\\Command\\Command->run(Object(Symfony\\Component\\Console\\Input\\ArgvInput), Object(Illuminate\\Console\\OutputStyle))
#58 /home/emmanueljet/Documents/Projects/Laravel/pure/vendor/symfony/console/Application.php(934): Illuminate\\Console\\Command->run(Object(Symfony\\Component\\Console\\Input\\ArgvInput), Object(Symfony\\Component\\Console\\Output\\ConsoleOutput))
#59 /home/emmanueljet/Documents/Projects/Laravel/pure/vendor/symfony/console/Application.php(273): Symfony\\Component\\Console\\Application->doRunCommand(Object(Illuminate\\Database\\Console\\Migrations\\FreshCommand), Object(Symfony\\Component\\Console\\Input\\ArgvInput), Object(Symfony\\Component\\Console\\Output\\ConsoleOutput))
#60 /home/emmanueljet/Documents/Projects/Laravel/pure/vendor/symfony/console/Application.php(149): Symfony\\Component\\Console\\Application->doRun(Object(Symfony\\Component\\Console\\Input\\ArgvInput), Object(Symfony\\Component\\Console\\Output\\ConsoleOutput))
#61 /home/emmanueljet/Documents/Projects/Laravel/pure/vendor/laravel/framework/src/Illuminate/Console/Application.php(90): Symfony\\Component\\Console\\Application->run(Object(Symfony\\Component\\Console\\Input\\ArgvInput), Object(Symfony\\Component\\Console\\Output\\ConsoleOutput))
#62 /home/emmanueljet/Documents/Projects/Laravel/pure/vendor/laravel/framework/src/Illuminate/Foundation/Console/Kernel.php(131): Illuminate\\Console\\Application->run(Object(Symfony\\Component\\Console\\Input\\ArgvInput), Object(Symfony\\Component\\Console\\Output\\ConsoleOutput))
#63 /home/emmanueljet/Documents/Projects/Laravel/pure/artisan(37): Illuminate\\Foundation\\Console\\Kernel->handle(Object(Symfony\\Component\\Console\\Input\\ArgvInput), Object(Symfony\\Component\\Console\\Output\\ConsoleOutput))
#64 {main}

[previous exception] [object] (Doctrine\\DBAL\\Driver\\PDOException(code: 42S22): SQLSTATE[42S22]: Column not found: 1054 Unknown column 'beginner' in 'field list' at /home/emmanueljet/Documents/Projects/Laravel/pure/vendor/doctrine/dbal/lib/Doctrine/DBAL/Driver/PDOConnection.php:63)
[stacktrace]
#0 /home/emmanueljet/Documents/Projects/Laravel/pure/vendor/laravel/framework/src/Illuminate/Database/Connection.php(453): Doctrine\\DBAL\\Driver\\PDOConnection->prepare('insert into `us...')
#1 /home/emmanueljet/Documents/Projects/Laravel/pure/vendor/laravel/framework/src/Illuminate/Database/Connection.php(658): Illuminate\\Database\\Connection->Illuminate\\Database\\{closure}('insert into `us...', Array)
#2 /home/emmanueljet/Documents/Projects/Laravel/pure/vendor/laravel/framework/src/Illuminate/Database/Connection.php(625): Illuminate\\Database\\Connection->runQueryCallback('insert into `us...', Array, Object(Closure))
#3 /home/emmanueljet/Documents/Projects/Laravel/pure/vendor/laravel/framework/src/Illuminate/Database/Connection.php(460): Illuminate\\Database\\Connection->run('insert into `us...', Array, Object(Closure))
#4 /home/emmanueljet/Documents/Projects/Laravel/pure/vendor/laravel/framework/src/Illuminate/Database/Connection.php(412): Illuminate\\Database\\Connection->statement('insert into `us...', Array)
#5 /home/emmanueljet/Documents/Projects/Laravel/pure/vendor/laravel/framework/src/Illuminate/Database/Query/Processors/Processor.php(32): Illuminate\\Database\\Connection->insert('insert into `us...', Array)
#6 /home/emmanueljet/Documents/Projects/Laravel/pure/vendor/laravel/framework/src/Illuminate/Database/Query/Builder.php(2658): Illuminate\\Database\\Query\\Processors\\Processor->processInsertGetId(Object(Illuminate\\Database\\Query\\Builder), 'insert into `us...', Array, 'id')
#7 /home/emmanueljet/Documents/Projects/Laravel/pure/vendor/laravel/framework/src/Illuminate/Database/Eloquent/Builder.php(1350): Illuminate\\Database\\Query\\Builder->insertGetId(Array, 'id')
#8 /home/emmanueljet/Documents/Projects/Laravel/pure/vendor/laravel/framework/src/Illuminate/Database/Eloquent/Model.php(839): Illuminate\\Database\\Eloquent\\Builder->__call('insertGetId', Array)
#9 /home/emmanueljet/Documents/Projects/Laravel/pure/vendor/laravel/framework/src/Illuminate/Database/Eloquent/Model.php(804): Illuminate\\Database\\Eloquent\\Model->insertAndSetId(Object(Illuminate\\Database\\Eloquent\\Builder), Array)
#10 /home/emmanueljet/Documents/Projects/Laravel/pure/vendor/laravel/framework/src/Illuminate/Database/Eloquent/Model.php(667): Illuminate\\Database\\Eloquent\\Model->performInsert(Object(Illuminate\\Database\\Eloquent\\Builder))
#11 /home/emmanueljet/Documents/Projects/Laravel/pure/vendor/laravel/framework/src/Illuminate/Database/Eloquent/Builder.php(749): Illuminate\\Database\\Eloquent\\Model->save()
#12 /home/emmanueljet/Documents/Projects/Laravel/pure/vendor/laravel/framework/src/Illuminate/Support/helpers.php(424): Illuminate\\Database\\Eloquent\\Builder->Illuminate\\Database\\Eloquent\\{closure}(Object(App\\Models\\User))
#13 /home/emmanueljet/Documents/Projects/Laravel/pure/vendor/laravel/framework/src/Illuminate/Database/Eloquent/Builder.php(750): tap(Object(App\\Models\\User), Object(Closure))
#14 /home/emmanueljet/Documents/Projects/Laravel/pure/vendor/laravel/framework/src/Illuminate/Support/Traits/ForwardsCalls.php(23): Illuminate\\Database\\Eloquent\\Builder->create(Array)
#15 /home/emmanueljet/Documents/Projects/Laravel/pure/vendor/laravel/framework/src/Illuminate/Database/Eloquent/Model.php(1618): Illuminate\\Database\\Eloquent\\Model->forwardCallTo(Object(Illuminate\\Database\\Eloquent\\Builder), 'create', Array)
#16 /home/emmanueljet/Documents/Projects/Laravel/pure/vendor/santigarcor/laratrust/src/Traits/LaratrustUserTrait.php(637): Illuminate\\Database\\Eloquent\\Model->__call('create', Array)
#17 /home/emmanueljet/Documents/Projects/Laravel/pure/vendor/laravel/framework/src/Illuminate/Database/Eloquent/Model.php(1630): App\\Models\\User->__call('create', Array)
#18 /home/emmanueljet/Documents/Projects/Laravel/pure/database/seeds/UsersTableSeeder.php(33): Illuminate\\Database\\Eloquent\\Model::__callStatic('create', Array)
#19 [internal function]: UsersTableSeeder->run()
#20 /home/emmanueljet/Documents/Projects/Laravel/pure/vendor/laravel/framework/src/Illuminate/Container/BoundMethod.php(32): call_user_func_array(Array, Array)
#21 /home/emmanueljet/Documents/Projects/Laravel/pure/vendor/laravel/framework/src/Illuminate/Support/helpers.php(522): Illuminate\\Container\\BoundMethod::Illuminate\\Container\\{closure}()
#22 /home/emmanueljet/Documents/Projects/Laravel/pure/vendor/laravel/framework/src/Illuminate/Container/BoundMethod.php(90): value(Object(Closure))
#23 /home/emmanueljet/Documents/Projects/Laravel/pure/vendor/laravel/framework/src/Illuminate/Container/BoundMethod.php(34): Illuminate\\Container\\BoundMethod::callBoundMethod(Object(Illuminate\\Foundation\\Application), Array, Object(Closure))
#24 /home/emmanueljet/Documents/Projects/Laravel/pure/vendor/laravel/framework/src/Illuminate/Container/Container.php(591): Illuminate\\Container\\BoundMethod::call(Object(Illuminate\\Foundation\\Application), Array, Array, NULL)
#25 /home/emmanueljet/Documents/Projects/Laravel/pure/vendor/laravel/framework/src/Illuminate/Database/Seeder.php(134): Illuminate\\Container\\Container->call(Array)
#26 /home/emmanueljet/Documents/Projects/Laravel/pure/vendor/laravel/framework/src/Illuminate/Database/Seeder.php(48): Illuminate\\Database\\Seeder->__invoke()
#27 /home/emmanueljet/Documents/Projects/Laravel/pure/database/seeds/DatabaseSeeder.php(15): Illuminate\\Database\\Seeder->call('UsersTableSeede...')
#28 [internal function]: DatabaseSeeder->run()
#29 /home/emmanueljet/Documents/Projects/Laravel/pure/vendor/laravel/framework/src/Illuminate/Container/BoundMethod.php(32): call_user_func_array(Array, Array)
#30 /home/emmanueljet/Documents/Projects/Laravel/pure/vendor/laravel/framework/src/Illuminate/Support/helpers.php(522): Illuminate\\Container\\BoundMethod::Illuminate\\Container\\{closure}()
#31 /home/emmanueljet/Documents/Projects/Laravel/pure/vendor/laravel/framework/src/Illuminate/Container/BoundMethod.php(90): value(Object(Closure))
#32 /home/emmanueljet/Documents/Projects/Laravel/pure/vendor/laravel/framework/src/Illuminate/Container/BoundMethod.php(34): Illuminate\\Container\\BoundMethod::callBoundMethod(Object(Illuminate\\Foundation\\Application), Array, Object(Closure))
#33 /home/emmanueljet/Documents/Projects/Laravel/pure/vendor/laravel/framework/src/Illuminate/Container/Container.php(591): Illuminate\\Container\\BoundMethod::call(Object(Illuminate\\Foundation\\Application), Array, Array, NULL)
#34 /home/emmanueljet/Documents/Projects/Laravel/pure/vendor/laravel/framework/src/Illuminate/Database/Seeder.php(134): Illuminate\\Container\\Container->call(Array)
#35 /home/emmanueljet/Documents/Projects/Laravel/pure/vendor/laravel/framework/src/Illuminate/Database/Console/Seeds/SeedCommand.php(63): Illuminate\\Database\\Seeder->__invoke()
#36 /home/emmanueljet/Documents/Projects/Laravel/pure/vendor/laravel/framework/src/Illuminate/Database/Eloquent/Concerns/GuardsAttributes.php(122): Illuminate\\Database\\Console\\Seeds\\SeedCommand->Illuminate\\Database\\Console\\Seeds\\{closure}()
#37 /home/emmanueljet/Documents/Projects/Laravel/pure/vendor/laravel/framework/src/Illuminate/Database/Console/Seeds/SeedCommand.php(64): Illuminate\\Database\\Eloquent\\Model::unguarded(Object(Closure))
#38 [internal function]: Illuminate\\Database\\Console\\Seeds\\SeedCommand->handle()
#39 /home/emmanueljet/Documents/Projects/Laravel/pure/vendor/laravel/framework/src/Illuminate/Container/BoundMethod.php(32): call_user_func_array(Array, Array)
#40 /home/emmanueljet/Documents/Projects/Laravel/pure/vendor/laravel/framework/src/Illuminate/Support/helpers.php(522): Illuminate\\Container\\BoundMethod::Illuminate\\Container\\{closure}()
#41 /home/emmanueljet/Documents/Projects/Laravel/pure/vendor/laravel/framework/src/Illuminate/Container/BoundMethod.php(90): value(Object(Closure))
#42 /home/emmanueljet/Documents/Projects/Laravel/pure/vendor/laravel/framework/src/Illuminate/Container/BoundMethod.php(34): Illuminate\\Container\\BoundMethod::callBoundMethod(Object(Illuminate\\Foundation\\Application), Array, Object(Closure))
#43 /home/emmanueljet/Documents/Projects/Laravel/pure/vendor/laravel/framework/src/Illuminate/Container/Container.php(591): Illuminate\\Container\\BoundMethod::call(Object(Illuminate\\Foundation\\Application), Array, Array, NULL)
#44 /home/emmanueljet/Documents/Projects/Laravel/pure/vendor/laravel/framework/src/Illuminate/Console/Command.php(202): Illuminate\\Container\\Container->call(Array)
#45 /home/emmanueljet/Documents/Projects/Laravel/pure/vendor/symfony/console/Command/Command.php(255): Illuminate\\Console\\Command->execute(Object(Symfony\\Component\\Console\\Input\\ArrayInput), Object(Illuminate\\Console\\OutputStyle))
#46 /home/emmanueljet/Documents/Projects/Laravel/pure/vendor/laravel/framework/src/Illuminate/Console/Command.php(189): Symfony\\Component\\Console\\Command\\Command->run(Object(Symfony\\Component\\Console\\Input\\ArrayInput), Object(Illuminate\\Console\\OutputStyle))
#47 /home/emmanueljet/Documents/Projects/Laravel/pure/vendor/laravel/framework/src/Illuminate/Console/Command.php(242): Illuminate\\Console\\Command->run(Object(Symfony\\Component\\Console\\Input\\ArrayInput), Object(Illuminate\\Console\\OutputStyle))
#48 /home/emmanueljet/Documents/Projects/Laravel/pure/vendor/laravel/framework/src/Illuminate/Console/Command.php(214): Illuminate\\Console\\Command->runCommand('db:seed', Array, Object(Illuminate\\Console\\OutputStyle))
#49 /home/emmanueljet/Documents/Projects/Laravel/pure/vendor/laravel/framework/src/Illuminate/Database/Console/Migrations/FreshCommand.php(79): Illuminate\\Console\\Command->call('db:seed', Array)
#50 /home/emmanueljet/Documents/Projects/Laravel/pure/vendor/laravel/framework/src/Illuminate/Database/Console/Migrations/FreshCommand.php(56): Illuminate\\Database\\Console\\Migrations\\FreshCommand->runSeeder(NULL)
#51 [internal function]: Illuminate\\Database\\Console\\Migrations\\FreshCommand->handle()
#52 /home/emmanueljet/Documents/Projects/Laravel/pure/vendor/laravel/framework/src/Illuminate/Container/BoundMethod.php(32): call_user_func_array(Array, Array)
#53 /home/emmanueljet/Documents/Projects/Laravel/pure/vendor/laravel/framework/src/Illuminate/Support/helpers.php(522): Illuminate\\Container\\BoundMethod::Illuminate\\Container\\{closure}()
#54 /home/emmanueljet/Documents/Projects/Laravel/pure/vendor/laravel/framework/src/Illuminate/Container/BoundMethod.php(90): value(Object(Closure))
#55 /home/emmanueljet/Documents/Projects/Laravel/pure/vendor/laravel/framework/src/Illuminate/Container/BoundMethod.php(34): Illuminate\\Container\\BoundMethod::callBoundMethod(Object(Illuminate\\Foundation\\Application), Array, Object(Closure))
#56 /home/emmanueljet/Documents/Projects/Laravel/pure/vendor/laravel/framework/src/Illuminate/Container/Container.php(591): Illuminate\\Container\\BoundMethod::call(Object(Illuminate\\Foundation\\Application), Array, Array, NULL)
#57 /home/emmanueljet/Documents/Projects/Laravel/pure/vendor/laravel/framework/src/Illuminate/Console/Command.php(202): Illuminate\\Container\\Container->call(Array)
#58 /home/emmanueljet/Documents/Projects/Laravel/pure/vendor/symfony/console/Command/Command.php(255): Illuminate\\Console\\Command->execute(Object(Symfony\\Component\\Console\\Input\\ArgvInput), Object(Illuminate\\Console\\OutputStyle))
#59 /home/emmanueljet/Documents/Projects/Laravel/pure/vendor/laravel/framework/src/Illuminate/Console/Command.php(189): Symfony\\Component\\Console\\Command\\Command->run(Object(Symfony\\Component\\Console\\Input\\ArgvInput), Object(Illuminate\\Console\\OutputStyle))
#60 /home/emmanueljet/Documents/Projects/Laravel/pure/vendor/symfony/console/Application.php(934): Illuminate\\Console\\Command->run(Object(Symfony\\Component\\Console\\Input\\ArgvInput), Object(Symfony\\Component\\Console\\Output\\ConsoleOutput))
#61 /home/emmanueljet/Documents/Projects/Laravel/pure/vendor/symfony/console/Application.php(273): Symfony\\Component\\Console\\Application->doRunCommand(Object(Illuminate\\Database\\Console\\Migrations\\FreshCommand), Object(Symfony\\Component\\Console\\Input\\ArgvInput), Object(Symfony\\Component\\Console\\Output\\ConsoleOutput))
#62 /home/emmanueljet/Documents/Projects/Laravel/pure/vendor/symfony/console/Application.php(149): Symfony\\Component\\Console\\Application->doRun(Object(Symfony\\Component\\Console\\Input\\ArgvInput), Object(Symfony\\Component\\Console\\Output\\ConsoleOutput))
#63 /home/emmanueljet/Documents/Projects/Laravel/pure/vendor/laravel/framework/src/Illuminate/Console/Application.php(90): Symfony\\Component\\Console\\Application->run(Object(Symfony\\Component\\Console\\Input\\ArgvInput), Object(Symfony\\Component\\Console\\Output\\ConsoleOutput))
#64 /home/emmanueljet/Documents/Projects/Laravel/pure/vendor/laravel/framework/src/Illuminate/Foundation/Console/Kernel.php(131): Illuminate\\Console\\Application->run(Object(Symfony\\Component\\Console\\Input\\ArgvInput), Object(Symfony\\Component\\Console\\Output\\ConsoleOutput))
#65 /home/emmanueljet/Documents/Projects/Laravel/pure/artisan(37): Illuminate\\Foundation\\Console\\Kernel->handle(Object(Symfony\\Component\\Console\\Input\\ArgvInput), Object(Symfony\\Component\\Console\\Output\\ConsoleOutput))
#66 {main}

[previous exception] [object] (PDOException(code: 42S22): SQLSTATE[42S22]: Column not found: 1054 Unknown column 'beginner' in 'field list' at /home/emmanueljet/Documents/Projects/Laravel/pure/vendor/doctrine/dbal/lib/Doctrine/DBAL/Driver/PDOConnection.php:61)
[stacktrace]
#0 /home/emmanueljet/Documents/Projects/Laravel/pure/vendor/doctrine/dbal/lib/Doctrine/DBAL/Driver/PDOConnection.php(61): PDO->prepare('insert into `us...', Array)
#1 /home/emmanueljet/Documents/Projects/Laravel/pure/vendor/laravel/framework/src/Illuminate/Database/Connection.php(453): Doctrine\\DBAL\\Driver\\PDOConnection->prepare('insert into `us...')
#2 /home/emmanueljet/Documents/Projects/Laravel/pure/vendor/laravel/framework/src/Illuminate/Database/Connection.php(658): Illuminate\\Database\\Connection->Illuminate\\Database\\{closure}('insert into `us...', Array)
#3 /home/emmanueljet/Documents/Projects/Laravel/pure/vendor/laravel/framework/src/Illuminate/Database/Connection.php(625): Illuminate\\Database\\Connection->runQueryCallback('insert into `us...', Array, Object(Closure))
#4 /home/emmanueljet/Documents/Projects/Laravel/pure/vendor/laravel/framework/src/Illuminate/Database/Connection.php(460): Illuminate\\Database\\Connection->run('insert into `us...', Array, Object(Closure))
#5 /home/emmanueljet/Documents/Projects/Laravel/pure/vendor/laravel/framework/src/Illuminate/Database/Connection.php(412): Illuminate\\Database\\Connection->statement('insert into `us...', Array)
#6 /home/emmanueljet/Documents/Projects/Laravel/pure/vendor/laravel/framework/src/Illuminate/Database/Query/Processors/Processor.php(32): Illuminate\\Database\\Connection->insert('insert into `us...', Array)
#7 /home/emmanueljet/Documents/Projects/Laravel/pure/vendor/laravel/framework/src/Illuminate/Database/Query/Builder.php(2658): Illuminate\\Database\\Query\\Processors\\Processor->processInsertGetId(Object(Illuminate\\Database\\Query\\Builder), 'insert into `us...', Array, 'id')
#8 /home/emmanueljet/Documents/Projects/Laravel/pure/vendor/laravel/framework/src/Illuminate/Database/Eloquent/Builder.php(1350): Illuminate\\Database\\Query\\Builder->insertGetId(Array, 'id')
#9 /home/emmanueljet/Documents/Projects/Laravel/pure/vendor/laravel/framework/src/Illuminate/Database/Eloquent/Model.php(839): Illuminate\\Database\\Eloquent\\Builder->__call('insertGetId', Array)
#10 /home/emmanueljet/Documents/Projects/Laravel/pure/vendor/laravel/framework/src/Illuminate/Database/Eloquent/Model.php(804): Illuminate\\Database\\Eloquent\\Model->insertAndSetId(Object(Illuminate\\Database\\Eloquent\\Builder), Array)
#11 /home/emmanueljet/Documents/Projects/Laravel/pure/vendor/laravel/framework/src/Illuminate/Database/Eloquent/Model.php(667): Illuminate\\Database\\Eloquent\\Model->performInsert(Object(Illuminate\\Database\\Eloquent\\Builder))
#12 /home/emmanueljet/Documents/Projects/Laravel/pure/vendor/laravel/framework/src/Illuminate/Database/Eloquent/Builder.php(749): Illuminate\\Database\\Eloquent\\Model->save()
#13 /home/emmanueljet/Documents/Projects/Laravel/pure/vendor/laravel/framework/src/Illuminate/Support/helpers.php(424): Illuminate\\Database\\Eloquent\\Builder->Illuminate\\Database\\Eloquent\\{closure}(Object(App\\Models\\User))
#14 /home/emmanueljet/Documents/Projects/Laravel/pure/vendor/laravel/framework/src/Illuminate/Database/Eloquent/Builder.php(750): tap(Object(App\\Models\\User), Object(Closure))
#15 /home/emmanueljet/Documents/Projects/Laravel/pure/vendor/laravel/framework/src/Illuminate/Support/Traits/ForwardsCalls.php(23): Illuminate\\Database\\Eloquent\\Builder->create(Array)
#16 /home/emmanueljet/Documents/Projects/Laravel/pure/vendor/laravel/framework/src/Illuminate/Database/Eloquent/Model.php(1618): Illuminate\\Database\\Eloquent\\Model->forwardCallTo(Object(Illuminate\\Database\\Eloquent\\Builder), 'create', Array)
#17 /home/emmanueljet/Documents/Projects/Laravel/pure/vendor/santigarcor/laratrust/src/Traits/LaratrustUserTrait.php(637): Illuminate\\Database\\Eloquent\\Model->__call('create', Array)
#18 /home/emmanueljet/Documents/Projects/Laravel/pure/vendor/laravel/framework/src/Illuminate/Database/Eloquent/Model.php(1630): App\\Models\\User->__call('create', Array)
#19 /home/emmanueljet/Documents/Projects/Laravel/pure/database/seeds/UsersTableSeeder.php(33): Illuminate\\Database\\Eloquent\\Model::__callStatic('create', Array)
#20 [internal function]: UsersTableSeeder->run()
#21 /home/emmanueljet/Documents/Projects/Laravel/pure/vendor/laravel/framework/src/Illuminate/Container/BoundMethod.php(32): call_user_func_array(Array, Array)
#22 /home/emmanueljet/Documents/Projects/Laravel/pure/vendor/laravel/framework/src/Illuminate/Support/helpers.php(522): Illuminate\\Container\\BoundMethod::Illuminate\\Container\\{closure}()
#23 /home/emmanueljet/Documents/Projects/Laravel/pure/vendor/laravel/framework/src/Illuminate/Container/BoundMethod.php(90): value(Object(Closure))
#24 /home/emmanueljet/Documents/Projects/Laravel/pure/vendor/laravel/framework/src/Illuminate/Container/BoundMethod.php(34): Illuminate\\Container\\BoundMethod::callBoundMethod(Object(Illuminate\\Foundation\\Application), Array, Object(Closure))
#25 /home/emmanueljet/Documents/Projects/Laravel/pure/vendor/laravel/framework/src/Illuminate/Container/Container.php(591): Illuminate\\Container\\BoundMethod::call(Object(Illuminate\\Foundation\\Application), Array, Array, NULL)
#26 /home/emmanueljet/Documents/Projects/Laravel/pure/vendor/laravel/framework/src/Illuminate/Database/Seeder.php(134): Illuminate\\Container\\Container->call(Array)
#27 /home/emmanueljet/Documents/Projects/Laravel/pure/vendor/laravel/framework/src/Illuminate/Database/Seeder.php(48): Illuminate\\Database\\Seeder->__invoke()
#28 /home/emmanueljet/Documents/Projects/Laravel/pure/database/seeds/DatabaseSeeder.php(15): Illuminate\\Database\\Seeder->call('UsersTableSeede...')
#29 [internal function]: DatabaseSeeder->run()
#30 /home/emmanueljet/Documents/Projects/Laravel/pure/vendor/laravel/framework/src/Illuminate/Container/BoundMethod.php(32): call_user_func_array(Array, Array)
#31 /home/emmanueljet/Documents/Projects/Laravel/pure/vendor/laravel/framework/src/Illuminate/Support/helpers.php(522): Illuminate\\Container\\BoundMethod::Illuminate\\Container\\{closure}()
#32 /home/emmanueljet/Documents/Projects/Laravel/pure/vendor/laravel/framework/src/Illuminate/Container/BoundMethod.php(90): value(Object(Closure))
#33 /home/emmanueljet/Documents/Projects/Laravel/pure/vendor/laravel/framework/src/Illuminate/Container/BoundMethod.php(34): Illuminate\\Container\\BoundMethod::callBoundMethod(Object(Illuminate\\Foundation\\Application), Array, Object(Closure))
#34 /home/emmanueljet/Documents/Projects/Laravel/pure/vendor/laravel/framework/src/Illuminate/Container/Container.php(591): Illuminate\\Container\\BoundMethod::call(Object(Illuminate\\Foundation\\Application), Array, Array, NULL)
#35 /home/emmanueljet/Documents/Projects/Laravel/pure/vendor/laravel/framework/src/Illuminate/Database/Seeder.php(134): Illuminate\\Container\\Container->call(Array)
#36 /home/emmanueljet/Documents/Projects/Laravel/pure/vendor/laravel/framework/src/Illuminate/Database/Console/Seeds/SeedCommand.php(63): Illuminate\\Database\\Seeder->__invoke()
#37 /home/emmanueljet/Documents/Projects/Laravel/pure/vendor/laravel/framework/src/Illuminate/Database/Eloquent/Concerns/GuardsAttributes.php(122): Illuminate\\Database\\Console\\Seeds\\SeedCommand->Illuminate\\Database\\Console\\Seeds\\{closure}()
#38 /home/emmanueljet/Documents/Projects/Laravel/pure/vendor/laravel/framework/src/Illuminate/Database/Console/Seeds/SeedCommand.php(64): Illuminate\\Database\\Eloquent\\Model::unguarded(Object(Closure))
#39 [internal function]: Illuminate\\Database\\Console\\Seeds\\SeedCommand->handle()
#40 /home/emmanueljet/Documents/Projects/Laravel/pure/vendor/laravel/framework/src/Illuminate/Container/BoundMethod.php(32): call_user_func_array(Array, Array)
#41 /home/emmanueljet/Documents/Projects/Laravel/pure/vendor/laravel/framework/src/Illuminate/Support/helpers.php(522): Illuminate\\Container\\BoundMethod::Illuminate\\Container\\{closure}()
#42 /home/emmanueljet/Documents/Projects/Laravel/pure/vendor/laravel/framework/src/Illuminate/Container/BoundMethod.php(90): value(Object(Closure))
#43 /home/emmanueljet/Documents/Projects/Laravel/pure/vendor/laravel/framework/src/Illuminate/Container/BoundMethod.php(34): Illuminate\\Container\\BoundMethod::callBoundMethod(Object(Illuminate\\Foundation\\Application), Array, Object(Closure))
#44 /home/emmanueljet/Documents/Projects/Laravel/pure/vendor/laravel/framework/src/Illuminate/Container/Container.php(591): Illuminate\\Container\\BoundMethod::call(Object(Illuminate\\Foundation\\Application), Array, Array, NULL)
#45 /home/emmanueljet/Documents/Projects/Laravel/pure/vendor/laravel/framework/src/Illuminate/Console/Command.php(202): Illuminate\\Container\\Container->call(Array)
#46 /home/emmanueljet/Documents/Projects/Laravel/pure/vendor/symfony/console/Command/Command.php(255): Illuminate\\Console\\Command->execute(Object(Symfony\\Component\\Console\\Input\\ArrayInput), Object(Illuminate\\Console\\OutputStyle))
#47 /home/emmanueljet/Documents/Projects/Laravel/pure/vendor/laravel/framework/src/Illuminate/Console/Command.php(189): Symfony\\Component\\Console\\Command\\Command->run(Object(Symfony\\Component\\Console\\Input\\ArrayInput), Object(Illuminate\\Console\\OutputStyle))
#48 /home/emmanueljet/Documents/Projects/Laravel/pure/vendor/laravel/framework/src/Illuminate/Console/Command.php(242): Illuminate\\Console\\Command->run(Object(Symfony\\Component\\Console\\Input\\ArrayInput), Object(Illuminate\\Console\\OutputStyle))
#49 /home/emmanueljet/Documents/Projects/Laravel/pure/vendor/laravel/framework/src/Illuminate/Console/Command.php(214): Illuminate\\Console\\Command->runCommand('db:seed', Array, Object(Illuminate\\Console\\OutputStyle))
#50 /home/emmanueljet/Documents/Projects/Laravel/pure/vendor/laravel/framework/src/Illuminate/Database/Console/Migrations/FreshCommand.php(79): Illuminate\\Console\\Command->call('db:seed', Array)
#51 /home/emmanueljet/Documents/Projects/Laravel/pure/vendor/laravel/framework/src/Illuminate/Database/Console/Migrations/FreshCommand.php(56): Illuminate\\Database\\Console\\Migrations\\FreshCommand->runSeeder(NULL)
#52 [internal function]: Illuminate\\Database\\Console\\Migrations\\FreshCommand->handle()
#53 /home/emmanueljet/Documents/Projects/Laravel/pure/vendor/laravel/framework/src/Illuminate/Container/BoundMethod.php(32): call_user_func_array(Array, Array)
#54 /home/emmanueljet/Documents/Projects/Laravel/pure/vendor/laravel/framework/src/Illuminate/Support/helpers.php(522): Illuminate\\Container\\BoundMethod::Illuminate\\Container\\{closure}()
#55 /home/emmanueljet/Documents/Projects/Laravel/pure/vendor/laravel/framework/src/Illuminate/Container/BoundMethod.php(90): value(Object(Closure))
#56 /home/emmanueljet/Documents/Projects/Laravel/pure/vendor/laravel/framework/src/Illuminate/Container/BoundMethod.php(34): Illuminate\\Container\\BoundMethod::callBoundMethod(Object(Illuminate\\Foundation\\Application), Array, Object(Closure))
#57 /home/emmanueljet/Documents/Projects/Laravel/pure/vendor/laravel/framework/src/Illuminate/Container/Container.php(591): Illuminate\\Container\\BoundMethod::call(Object(Illuminate\\Foundation\\Application), Array, Array, NULL)
#58 /home/emmanueljet/Documents/Projects/Laravel/pure/vendor/laravel/framework/src/Illuminate/Console/Command.php(202): Illuminate\\Container\\Container->call(Array)
#59 /home/emmanueljet/Documents/Projects/Laravel/pure/vendor/symfony/console/Command/Command.php(255): Illuminate\\Console\\Command->execute(Object(Symfony\\Component\\Console\\Input\\ArgvInput), Object(Illuminate\\Console\\OutputStyle))
#60 /home/emmanueljet/Documents/Projects/Laravel/pure/vendor/laravel/framework/src/Illuminate/Console/Command.php(189): Symfony\\Component\\Console\\Command\\Command->run(Object(Symfony\\Component\\Console\\Input\\ArgvInput), Object(Illuminate\\Console\\OutputStyle))
#61 /home/emmanueljet/Documents/Projects/Laravel/pure/vendor/symfony/console/Application.php(934): Illuminate\\Console\\Command->run(Object(Symfony\\Component\\Console\\Input\\ArgvInput), Object(Symfony\\Component\\Console\\Output\\ConsoleOutput))
#62 /home/emmanueljet/Documents/Projects/Laravel/pure/vendor/symfony/console/Application.php(273): Symfony\\Component\\Console\\Application->doRunCommand(Object(Illuminate\\Database\\Console\\Migrations\\FreshCommand), Object(Symfony\\Component\\Console\\Input\\ArgvInput), Object(Symfony\\Component\\Console\\Output\\ConsoleOutput))
#63 /home/emmanueljet/Documents/Projects/Laravel/pure/vendor/symfony/console/Application.php(149): Symfony\\Component\\Console\\Application->doRun(Object(Symfony\\Component\\Console\\Input\\ArgvInput), Object(Symfony\\Component\\Console\\Output\\ConsoleOutput))
#64 /home/emmanueljet/Documents/Projects/Laravel/pure/vendor/laravel/framework/src/Illuminate/Console/Application.php(90): Symfony\\Component\\Console\\Application->run(Object(Symfony\\Component\\Console\\Input\\ArgvInput), Object(Symfony\\Component\\Console\\Output\\ConsoleOutput))
#65 /home/emmanueljet/Documents/Projects/Laravel/pure/vendor/laravel/framework/src/Illuminate/Foundation/Console/Kernel.php(131): Illuminate\\Console\\Application->run(Object(Symfony\\Component\\Console\\Input\\ArgvInput), Object(Symfony\\Component\\Console\\Output\\ConsoleOutput))
#66 /home/emmanueljet/Documents/Projects/Laravel/pure/artisan(37): Illuminate\\Foundation\\Console\\Kernel->handle(Object(Symfony\\Component\\Console\\Input\\ArgvInput), Object(Symfony\\Component\\Console\\Output\\ConsoleOutput))
#67 {main}
"} 
